<?xml version="1.0" encoding="UTF-8"?>
<!-- Generated by org.testng.reporters.JUnitReportReporter -->
<testsuite hostname="IN-MH1LPW101011" name="WSSD_Test.GroundWaterTest" tests="1" failures="0" timestamp="15 Jul 2020 06:23:51 GMT" time="73.058" errors="0">
  <testcase name="ground_water_obs" time="73.058" classname="WSSD_Test.GroundWaterTest"/>
</testsuite> <!-- WSSD_Test.GroundWaterTest -->
