<?xml version="1.0" encoding="UTF-8"?>
<!-- Generated by org.testng.reporters.JUnitReportReporter -->
<testsuite hostname="IN-MH1LPW101011" name="WSSD.RegGrievanceExternalTest" tests="1" failures="0" timestamp="1 Jun 2020 08:55:04 GMT" time="67.145" errors="0">
  <testcase name="createComplaint" time="67.145" classname="WSSD.RegGrievanceExternalTest"/>
</testsuite> <!-- WSSD.RegGrievanceExternalTest -->
