<?xml version="1.0" encoding="UTF-8"?>
<!-- Generated by org.testng.reporters.JUnitReportReporter -->
<testsuite hostname="IN-MH1LPW101011" name="WSSD_Test.RegGrievanceExternalTest" tests="1" failures="0" timestamp="10 Oct 2020 14:40:37 GMT" time="8.444" errors="0">
  <testcase name="createComplaint" time="8.444" classname="WSSD_Test.RegGrievanceExternalTest"/>
</testsuite> <!-- WSSD_Test.RegGrievanceExternalTest -->
