<?xml version="1.0" encoding="UTF-8"?>
<!-- Generated by org.testng.reporters.JUnitReportReporter -->
<testsuite hostname="IN-MH1LPW101011" name="WSSD_Test.LoginPageTest" tests="1" failures="0" timestamp="8 Jul 2020 16:28:42 GMT" time="29.717" errors="0">
  <testcase name="basePageNavigation" time="29.717" classname="WSSD_Test.LoginPageTest"/>
</testsuite> <!-- WSSD_Test.LoginPageTest -->
